<?xml version="1.0" encoding="UTF-8"?>
<!-- Generated by org.testng.reporters.JUnitReportReporter -->
<testsuite hostname="admin-PC" name="flarekids.FirstClass" tests="1" failures="0" timestamp="20 Oct 2015 10:06:02 GMT" time="3.117" errors="0">
  <testcase name="login" time="3.117" classname="flarekids.FirstClass"/>
</testsuite> <!-- flarekids.FirstClass -->
