<?xml version="1.0" encoding="UTF-8"?>
<!-- Generated by org.testng.reporters.JUnitReportReporter -->
<testsuite hostname="admin-PC" name="flarekids.FirstClass" tests="1" failures="0" timestamp="21 Oct 2015 09:36:47 GMT" time="23.539" errors="0">
  <testcase name="login" time="23.539" classname="flarekids.FirstClass"/>
</testsuite> <!-- flarekids.FirstClass -->
