<?xml version="1.0" encoding="UTF-8"?>
<!-- Generated by org.testng.reporters.JUnitReportReporter -->
<testsuite hostname="admin-PC" name="flarekids.FirstClass" tests="1" failures="0" timestamp="5 Oct 2015 10:10:45 GMT" time="24.391" errors="0">
  <testcase name="login" time="24.391" classname="flarekids.FirstClass"/>
</testsuite> <!-- flarekids.FirstClass -->
