<?xml version="1.0" encoding="UTF-8"?>
<!-- Generated by org.testng.reporters.JUnitReportReporter -->
<testsuite hostname="admin-PC" name="flarekids.FirstClass" tests="1" failures="0" timestamp="11 Nov 2015 12:14:57 GMT" time="22.796" errors="0">
  <testcase name="login" time="22.796" classname="flarekids.FirstClass"/>
</testsuite> <!-- flarekids.FirstClass -->
